[13/Jan/2018 20:47:04] "GET / HTTP/1.1" 200 804
[13/Jan/2018 20:48:18] "GET / HTTP/1.1" 200 804
[13/Jan/2018 20:48:18] "GET /static/css/blog.css HTTP/1.1" 304 0
[13/Jan/2018 20:48:21] "GET / HTTP/1.1" 200 804
[13/Jan/2018 20:48:21] "GET /static/css/blog.css HTTP/1.1" 200 702
Not Found: /favicon.ico
[13/Jan/2018 20:48:22] "GET /favicon.ico HTTP/1.1" 404 2701
[13/Jan/2018 20:48:24] "GET /admin/ HTTP/1.1" 302 0
[13/Jan/2018 20:48:24] "GET /admin/login/?next=/admin/ HTTP/1.1" 200 1654
[13/Jan/2018 20:48:24] "GET /static/admin/css/login.css HTTP/1.1" 304 0
[13/Jan/2018 20:48:24] "GET /static/admin/css/base.css HTTP/1.1" 304 0
[13/Jan/2018 20:48:24] "GET /static/admin/css/fonts.css HTTP/1.1" 304 0
[13/Jan/2018 20:48:24] "GET /static/admin/fonts/Roboto-Regular-webfont.woff HTTP/1.1" 304 0
[13/Jan/2018 20:48:24] "GET /static/admin/fonts/Roboto-Light-webfont.woff HTTP/1.1" 304 0
[13/Jan/2018 20:48:28] "POST /admin/login/?next=/admin/ HTTP/1.1" 200 1813
[13/Jan/2018 20:48:28] "GET /static/admin/fonts/Roboto-Bold-webfont.woff HTTP/1.1" 304 0
[13/Jan/2018 20:48:34] "GET / HTTP/1.1" 200 804
[13/Jan/2018 20:49:30] "POST /admin/login/?next=/admin/ HTTP/1.1" 200 1813
[13/Jan/2018 20:49:30] "GET /static/admin/css/base.css HTTP/1.1" 304 0
[13/Jan/2018 20:49:30] "GET /static/admin/css/login.css HTTP/1.1" 304 0
[13/Jan/2018 20:49:30] "GET /static/admin/css/fonts.css HTTP/1.1" 304 0
[13/Jan/2018 20:50:50] "GET / HTTP/1.1" 200 804
[13/Jan/2018 20:51:14] "POST /admin/login/?next=/admin/ HTTP/1.1" 200 1813
[13/Jan/2018 20:51:14] "GET /static/admin/css/base.css HTTP/1.1" 304 0
[13/Jan/2018 20:51:14] "GET /static/admin/css/login.css HTTP/1.1" 304 0
[13/Jan/2018 20:51:14] "GET /static/admin/css/fonts.css HTTP/1.1" 304 0
[13/Jan/2018 20:51:18] "GET / HTTP/1.1" 200 804
[13/Jan/2018 20:51:22] "GET / HTTP/1.1" 200 804
[13/Jan/2018 20:52:54] "GET / HTTP/1.1" 200 804
[13/Jan/2018 20:52:54] "GET /static/css/blog.css HTTP/1.1" 304 0
[13/Jan/2018 20:52:55] "GET / HTTP/1.1" 200 804
[13/Jan/2018 20:52:55] "GET /static/css/blog.css HTTP/1.1" 304 0
[13/Jan/2018 20:56:18] "GET / HTTP/1.1" 200 804
[13/Jan/2018 20:56:18] "GET /static/css/blog.css HTTP/1.1" 304 0
[13/Jan/2018 20:57:22] "GET / HTTP/1.1" 200 804
[13/Jan/2018 20:57:22] "GET /static/css/blog.css HTTP/1.1" 304 0
[13/Jan/2018 20:57:23] "GET / HTTP/1.1" 200 804
[13/Jan/2018 20:57:23] "GET /static/css/blog.css HTTP/1.1" 304 0
[13/Jan/2018 20:58:33] "GET / HTTP/1.1" 200 804
[13/Jan/2018 20:58:33] "GET /static/css/blog.css HTTP/1.1" 304 0
[13/Jan/2018 20:58:39] "GET /admin/ HTTP/1.1" 302 0
[13/Jan/2018 20:58:39] "GET /admin/login/?next=/admin/ HTTP/1.1" 200 1654
[13/Jan/2018 20:58:39] "GET /static/admin/css/base.css HTTP/1.1" 304 0
[13/Jan/2018 20:58:39] "GET /static/admin/css/login.css HTTP/1.1" 304 0
[13/Jan/2018 20:58:39] "GET /static/admin/css/fonts.css HTTP/1.1" 304 0
[13/Jan/2018 20:58:39] "GET /static/admin/fonts/Roboto-Light-webfont.woff HTTP/1.1" 304 0
[13/Jan/2018 20:58:39] "GET /static/admin/fonts/Roboto-Regular-webfont.woff HTTP/1.1" 304 0
[13/Jan/2018 20:58:44] "POST /admin/login/?next=/admin/ HTTP/1.1" 200 1813
[13/Jan/2018 20:58:44] "GET /static/admin/fonts/Roboto-Bold-webfont.woff HTTP/1.1" 304 0
[13/Jan/2018 20:58:53] "POST /admin/login/?next=/admin/ HTTP/1.1" 200 1815
[13/Jan/2018 20:59:26] "GET / HTTP/1.1" 200 804
[13/Jan/2018 20:59:26] "GET /static/css/blog.css HTTP/1.1" 304 0
[13/Jan/2018 21:01:09] "GET / HTTP/1.1" 200 804
[13/Jan/2018 21:01:09] "GET /static/css/blog.css HTTP/1.1" 304 0
[13/Jan/2018 21:01:09] "GET /static/css/blog.css HTTP/1.1" 304 0
